android/launcher/build/intermediates/manifest_merge_blame_file/release/manifest-merger-blame-release-report.txt
1<?xml version="1.0" encoding="utf-8"?>
2<!-- GENERATED BY UNITY. REMOVE THIS COMMENT TO PREVENT OVERWRITING WHEN EXPORTING AGAIN -->
3<manifest xmlns:android="http://schemas.android.com/apk/res/android"
4    package="com.DefaultCompany.ArNavi"
5    android:installLocation="preferExternal"
6    android:versionCode="1"
7    android:versionName="0.1" >
8
9    <uses-sdk
10        android:minSdkVersion="24"
10-->src\main\AndroidManifest.xml
11        android:targetSdkVersion="30" />
11-->src\main\AndroidManifest.xml
12
13    <supports-screens
13-->src\main\AndroidManifest.xml:4:3-163
14        android:anyDensity="true"
14-->src\main\AndroidManifest.xml:4:135-160
15        android:largeScreens="true"
15-->src\main\AndroidManifest.xml:4:78-105
16        android:normalScreens="true"
16-->src\main\AndroidManifest.xml:4:49-77
17        android:smallScreens="true"
17-->src\main\AndroidManifest.xml:4:21-48
18        android:xlargeScreens="true" />
18-->src\main\AndroidManifest.xml:4:106-134
19
20    <uses-feature android:glEsVersion="0x00020000" />
20-->[:unityLibrary] AndroidManifest.xml:13:5-54
20-->[:unityLibrary] AndroidManifest.xml:13:19-51
21
22    <uses-permission android:name="android.permission.INTERNET" />
22-->[:unityLibrary] AndroidManifest.xml:15:5-67
22-->[:unityLibrary] AndroidManifest.xml:15:22-64
23    <uses-permission android:name="android.permission.ACCESS_FINE_LOCATION" />
23-->[:unityLibrary] AndroidManifest.xml:16:5-79
23-->[:unityLibrary] AndroidManifest.xml:16:22-76
24
25    <uses-feature
25-->[:unityLibrary] AndroidManifest.xml:18:5-20:36
26        android:name="android.hardware.location.gps"
26-->[:unityLibrary] AndroidManifest.xml:19:9-53
27        android:required="false" />
27-->[:unityLibrary] AndroidManifest.xml:20:9-33
28    <uses-feature
28-->[:unityLibrary] AndroidManifest.xml:21:5-23:36
29        android:name="android.hardware.location"
29-->[:unityLibrary] AndroidManifest.xml:22:9-49
30        android:required="false" />
30-->[:unityLibrary] AndroidManifest.xml:23:9-33
31    <uses-feature
31-->[:unityLibrary] AndroidManifest.xml:24:5-26:36
32        android:name="android.hardware.touchscreen"
32-->[:unityLibrary] AndroidManifest.xml:25:9-52
33        android:required="false" />
33-->[:unityLibrary] AndroidManifest.xml:26:9-33
34    <uses-feature
34-->[:unityLibrary] AndroidManifest.xml:27:5-29:36
35        android:name="android.hardware.touchscreen.multitouch"
35-->[:unityLibrary] AndroidManifest.xml:28:9-63
36        android:required="false" />
36-->[:unityLibrary] AndroidManifest.xml:29:9-33
37    <uses-feature
37-->[:unityLibrary] AndroidManifest.xml:30:5-32:36
38        android:name="android.hardware.touchscreen.multitouch.distinct"
38-->[:unityLibrary] AndroidManifest.xml:31:9-72
39        android:required="false" />
39-->[:unityLibrary] AndroidManifest.xml:32:9-33
40
41    <uses-permission android:name="android.permission.CAMERA" />
41-->[:unityLibrary] AndroidManifest.xml:34:5-65
41-->[:unityLibrary] AndroidManifest.xml:34:22-62
42
43    <uses-feature
43-->[:unityLibrary] AndroidManifest.xml:36:5-38:35
44        android:name="android.hardware.camera.ar"
44-->[:unityLibrary] AndroidManifest.xml:37:9-50
45        android:required="true" />
45-->[:unityLibrary] AndroidManifest.xml:38:9-32
46
47    <queries>
47-->[:arcore_client:] AndroidManifest.xml:29:5-31:15
48        <package android:name="com.google.ar.core" />
48-->[:arcore_client:] AndroidManifest.xml:30:9-54
48-->[:arcore_client:] AndroidManifest.xml:30:18-51
49    </queries>
50
51    <application
51-->src\main\AndroidManifest.xml:5:3-83
52        android:extractNativeLibs="false"
53        android:icon="@mipmap/app_icon"
53-->src\main\AndroidManifest.xml:5:49-80
54        android:label="@string/app_name" >
54-->src\main\AndroidManifest.xml:5:16-48
55        <activity
55-->[:unityLibrary] AndroidManifest.xml:41:9-61:20
56            android:name="com.unity3d.player.UnityPlayerActivity"
56-->[:unityLibrary] AndroidManifest.xml:42:13-66
57            android:configChanges="mcc|mnc|locale|touchscreen|keyboard|keyboardHidden|navigation|orientation|screenLayout|uiMode|screenSize|smallestScreenSize|fontScale|layoutDirection|density"
57-->[:unityLibrary] AndroidManifest.xml:43:13-194
58            android:hardwareAccelerated="false"
58-->[:unityLibrary] AndroidManifest.xml:44:13-48
59            android:launchMode="singleTask"
59-->[:unityLibrary] AndroidManifest.xml:45:13-44
60            android:resizeableActivity="false"
60-->[:unityLibrary] AndroidManifest.xml:46:13-47
61            android:screenOrientation="portrait"
61-->[:unityLibrary] AndroidManifest.xml:47:13-49
62            android:theme="@style/UnityThemeSelector" >
62-->[:unityLibrary] AndroidManifest.xml:48:13-54
63            <intent-filter>
63-->[:unityLibrary] AndroidManifest.xml:49:13-53:29
64                <action android:name="android.intent.action.MAIN" />
64-->[:unityLibrary] AndroidManifest.xml:50:17-69
64-->[:unityLibrary] AndroidManifest.xml:50:25-66
65
66                <category android:name="android.intent.category.LAUNCHER" />
66-->[:unityLibrary] AndroidManifest.xml:52:17-77
66-->[:unityLibrary] AndroidManifest.xml:52:27-74
67            </intent-filter>
68
69            <meta-data
69-->[:unityLibrary] AndroidManifest.xml:55:13-57:40
70                android:name="unityplayer.UnityActivity"
70-->[:unityLibrary] AndroidManifest.xml:56:17-57
71                android:value="true" />
71-->[:unityLibrary] AndroidManifest.xml:57:17-37
72            <meta-data
72-->[:unityLibrary] AndroidManifest.xml:58:13-60:40
73                android:name="android.notch_support"
73-->[:unityLibrary] AndroidManifest.xml:59:17-53
74                android:value="true" />
74-->[:unityLibrary] AndroidManifest.xml:60:17-37
75        </activity>
76
77        <meta-data
77-->[:unityLibrary] AndroidManifest.xml:63:9-65:33
78            android:name="unity.splash-mode"
78-->[:unityLibrary] AndroidManifest.xml:64:13-45
79            android:value="0" />
79-->[:unityLibrary] AndroidManifest.xml:65:13-30
80        <meta-data
80-->[:unityLibrary] AndroidManifest.xml:66:9-68:36
81            android:name="unity.splash-enable"
81-->[:unityLibrary] AndroidManifest.xml:67:13-47
82            android:value="True" />
82-->[:unityLibrary] AndroidManifest.xml:68:13-33
83        <meta-data
83-->[:unityLibrary] AndroidManifest.xml:69:9-71:37
84            android:name="unity.allow-resizable-window"
84-->[:unityLibrary] AndroidManifest.xml:70:13-56
85            android:value="False" />
85-->[:unityLibrary] AndroidManifest.xml:71:13-34
86        <meta-data
86-->[:unityLibrary] AndroidManifest.xml:72:9-74:50
87            android:name="notch.config"
87-->[:unityLibrary] AndroidManifest.xml:73:13-40
88            android:value="portrait|landscape" />
88-->[:unityLibrary] AndroidManifest.xml:74:13-47
89        <meta-data
89-->[:unityLibrary] AndroidManifest.xml:75:9-77:68
90            android:name="unity.build-id"
90-->[:unityLibrary] AndroidManifest.xml:76:13-42
91            android:value="c655673b-915c-4857-8635-d11aa0e9a0ae" />
91-->[:unityLibrary] AndroidManifest.xml:77:13-65
92        <meta-data
92-->[:unityLibrary] AndroidManifest.xml:78:9-80:36
93            android:name="unityplayer.SkipPermissionsDialog"
93-->[:unityLibrary] AndroidManifest.xml:79:13-61
94            android:value="true" />
94-->[:unityLibrary] AndroidManifest.xml:80:13-33
95        <meta-data
95-->[:unityLibrary] AndroidManifest.xml:81:9-83:40
96            android:name="com.google.ar.core"
96-->[:unityLibrary] AndroidManifest.xml:82:13-46
97            android:value="required" /> <!-- The minimal version code of ARCore APK required for an app using this SDK. -->
97-->[:unityLibrary] AndroidManifest.xml:83:13-37
98        <meta-data
98-->[:arcore_client:] AndroidManifest.xml:36:9-38:41
99            android:name="com.google.ar.core.min_apk_version"
99-->[:arcore_client:] AndroidManifest.xml:37:13-62
100            android:value="201750000" /> <!-- This activity is critical for installing ARCore when it is not already present. -->
100-->[:arcore_client:] AndroidManifest.xml:38:13-38
101        <activity
101-->[:arcore_client:] AndroidManifest.xml:40:9-46:80
102            android:name="com.google.ar.core.InstallActivity"
102-->[:arcore_client:] AndroidManifest.xml:41:13-62
103            android:configChanges="keyboardHidden|orientation|screenSize"
103-->[:arcore_client:] AndroidManifest.xml:42:13-74
104            android:excludeFromRecents="true"
104-->[:arcore_client:] AndroidManifest.xml:43:13-46
105            android:exported="false"
105-->[:arcore_client:] AndroidManifest.xml:44:13-37
106            android:launchMode="singleTop"
106-->[:arcore_client:] AndroidManifest.xml:45:13-43
107            android:theme="@android:style/Theme.Material.Light.Dialog.Alert" />
107-->[:arcore_client:] AndroidManifest.xml:46:13-77
108    </application>
109
110</manifest>